0 verbose cli C:\Program Files\nodejs\node.exe C:\Users\JuanR\AppData\Roaming\npm\node_modules\npm\bin\npm-cli.js
1 info using npm@10.7.0
2 info using node@v21.5.0
3 silly config:load:file:C:\Users\JuanR\AppData\Roaming\npm\node_modules\npm\npmrc
4 silly config:load:file:C:\Users\JuanR\Downloads\git\Commom-League - Copia (2)\.npmrc
5 silly config:load:file:C:\Users\JuanR\.npmrc
6 silly config:load:file:C:\Users\JuanR\AppData\Roaming\npm\etc\npmrc
7 verbose title npm install cpf-cnpj-validator
8 verbose argv "install" "cpf-cnpj-validator"
9 verbose logfile logs-max:10 dir:C:\Users\JuanR\Downloads\git\Commom-League - Copia (2)\UsersJuanRAppDataRoamingnpm-cache\_logs\2024-12-05T03_22_32_185Z-
10 verbose logfile C:\Users\JuanR\Downloads\git\Commom-League - Copia (2)\UsersJuanRAppDataRoamingnpm-cache\_logs\2024-12-05T03_22_32_185Z-debug-0.log
11 silly logfile start cleaning logs, removing 2 files
12 silly logfile done cleaning log files
13 silly idealTree buildDeps
14 silly fetch manifest cpf-cnpj-validator@*
15 verbose shrinkwrap failed to load node_modules/.package-lock.json out of date, updated: node_modules
16 http fetch GET 200 https://registry.npmjs.org/cpf-cnpj-validator 342ms (cache miss)
17 silly placeDep ROOT cpf-cnpj-validator@1.0.3 OK for: commom-league@0.0.0 want: *
18 silly fetch manifest @hapi/joi@^17.1.0
19 http fetch GET 200 https://registry.npmjs.org/@hapi%2fjoi 66ms (cache miss)
20 silly placeDep ROOT @hapi/joi@17.1.1 OK for: cpf-cnpj-validator@1.0.3 want: ^17.1.0
21 silly fetch manifest @hapi/address@^4.0.1
22 silly fetch manifest @hapi/formula@^2.0.0
23 silly fetch manifest @hapi/hoek@^9.0.0
24 silly fetch manifest @hapi/pinpoint@^2.0.0
25 silly fetch manifest @hapi/topo@^5.0.0
26 http fetch GET 200 https://registry.npmjs.org/@hapi%2faddress 106ms (cache miss)
27 http fetch GET 200 https://registry.npmjs.org/@hapi%2fformula 147ms (cache miss)
28 http fetch GET 200 https://registry.npmjs.org/@hapi%2fhoek 154ms (cache miss)
29 http fetch GET 200 https://registry.npmjs.org/@hapi%2ftopo 169ms (cache miss)
30 http fetch GET 200 https://registry.npmjs.org/@hapi%2fpinpoint 380ms (cache miss)
31 silly placeDep ROOT @hapi/address@4.1.0 OK for: @hapi/joi@17.1.1 want: ^4.0.1
32 silly placeDep ROOT @hapi/formula@2.0.0 OK for: @hapi/joi@17.1.1 want: ^2.0.0
33 silly placeDep ROOT @hapi/hoek@9.3.0 OK for: @hapi/joi@17.1.1 want: ^9.0.0
34 silly placeDep ROOT @hapi/pinpoint@2.0.1 OK for: @hapi/joi@17.1.1 want: ^2.0.0
35 silly placeDep ROOT @hapi/topo@5.1.0 OK for: @hapi/joi@17.1.1 want: ^5.0.0
36 silly reify moves {}
37 silly audit bulk request {
37 silly audit   '@ampproject/remapping': [ '2.3.0' ],
37 silly audit   '@babel/code-frame': [ '7.25.7' ],
37 silly audit   '@babel/compat-data': [ '7.25.8' ],
37 silly audit   '@babel/core': [ '7.25.8' ],
37 silly audit   'convert-source-map': [ '2.0.0', '1.9.0' ],
37 silly audit   '@babel/generator': [ '7.25.7' ],
37 silly audit   '@babel/helper-compilation-targets': [ '7.25.7' ],
37 silly audit   '@babel/helper-module-imports': [ '7.25.7' ],
37 silly audit   '@babel/helper-module-transforms': [ '7.25.7' ],
37 silly audit   '@babel/helper-plugin-utils': [ '7.25.7' ],
37 silly audit   '@babel/helper-simple-access': [ '7.25.7' ],
37 silly audit   '@babel/helper-string-parser': [ '7.25.7' ],
37 silly audit   '@babel/helper-validator-identifier': [ '7.25.7' ],
37 silly audit   '@babel/helper-validator-option': [ '7.25.7' ],
37 silly audit   '@babel/helpers': [ '7.25.7' ],
37 silly audit   '@babel/highlight': [ '7.25.7' ],
37 silly audit   '@babel/parser': [ '7.25.8' ],
37 silly audit   '@babel/plugin-transform-react-jsx-self': [ '7.25.7' ],
37 silly audit   '@babel/plugin-transform-react-jsx-source': [ '7.25.7' ],
37 silly audit   '@babel/runtime': [ '7.25.7' ],
37 silly audit   '@babel/template': [ '7.25.7' ],
37 silly audit   '@babel/traverse': [ '7.25.7' ],
37 silly audit   '@babel/types': [ '7.25.8' ],
37 silly audit   '@emotion/babel-plugin': [ '11.12.0' ],
37 silly audit   '@emotion/cache': [ '11.13.1' ],
37 silly audit   '@emotion/hash': [ '0.9.2' ],
37 silly audit   '@emotion/is-prop-valid': [ '1.3.1', '1.2.2' ],
37 silly audit   '@emotion/memoize': [ '0.9.0', '0.8.1' ],
37 silly audit   '@emotion/react': [ '11.13.3' ],
37 silly audit   '@emotion/serialize': [ '1.3.2' ],
37 silly audit   '@emotion/sheet': [ '1.4.0' ],
37 silly audit   '@emotion/styled': [ '11.13.0' ],
37 silly audit   '@emotion/unitless': [ '0.10.0', '0.8.1' ],
37 silly audit   '@emotion/use-insertion-effect-with-fallbacks': [ '1.1.0' ],
37 silly audit   '@emotion/utils': [ '1.4.1' ],
37 silly audit   '@emotion/weak-memoize': [ '0.4.0' ],
37 silly audit   '@esbuild/aix-ppc64': [ '0.21.5' ],
37 silly audit   '@esbuild/android-arm': [ '0.21.5' ],
37 silly audit   '@esbuild/android-arm64': [ '0.21.5' ],
37 silly audit   '@esbuild/android-x64': [ '0.21.5' ],
37 silly audit   '@esbuild/darwin-arm64': [ '0.21.5' ],
37 silly audit   '@esbuild/darwin-x64': [ '0.21.5' ],
37 silly audit   '@esbuild/freebsd-arm64': [ '0.21.5' ],
37 silly audit   '@esbuild/freebsd-x64': [ '0.21.5' ],
37 silly audit   '@esbuild/linux-arm': [ '0.21.5' ],
37 silly audit   '@esbuild/linux-arm64': [ '0.21.5' ],
37 silly audit   '@esbuild/linux-ia32': [ '0.21.5' ],
37 silly audit   '@esbuild/linux-loong64': [ '0.21.5' ],
37 silly audit   '@esbuild/linux-mips64el': [ '0.21.5' ],
37 silly audit   '@esbuild/linux-ppc64': [ '0.21.5' ],
37 silly audit   '@esbuild/linux-riscv64': [ '0.21.5' ],
37 silly audit   '@esbuild/linux-s390x': [ '0.21.5' ],
37 silly audit   '@esbuild/linux-x64': [ '0.21.5' ],
37 silly audit   '@esbuild/netbsd-x64': [ '0.21.5' ],
37 silly audit   '@esbuild/openbsd-x64': [ '0.21.5' ],
37 silly audit   '@esbuild/sunos-x64': [ '0.21.5' ],
37 silly audit   '@esbuild/win32-arm64': [ '0.21.5' ],
37 silly audit   '@esbuild/win32-ia32': [ '0.21.5' ],
37 silly audit   '@esbuild/win32-x64': [ '0.21.5' ],
37 silly audit   '@eslint-community/eslint-utils': [ '4.4.0' ],
37 silly audit   '@eslint-community/regexpp': [ '4.11.1' ],
37 silly audit   '@eslint/eslintrc': [ '2.1.4' ],
37 silly audit   globals: [ '13.24.0', '11.12.0' ],
37 silly audit   'type-fest': [ '0.20.2', '2.19.0' ],
37 silly audit   '@eslint/js': [ '8.57.1' ],
37 silly audit   '@floating-ui/core': [ '1.6.8' ],
37 silly audit   '@floating-ui/dom': [ '1.6.11' ],
37 silly audit   '@floating-ui/utils': [ '0.2.8' ],
37 silly audit   '@fortawesome/fontawesome-common-types': [ '6.7.1' ],
37 silly audit   '@fortawesome/fontawesome-svg-core': [ '6.7.1' ],
37 silly audit   '@fortawesome/free-solid-svg-icons': [ '6.7.1' ],
37 silly audit   '@fortawesome/react-fontawesome': [ '0.2.2' ],
37 silly audit   '@humanwhocodes/config-array': [ '0.13.0' ],
37 silly audit   '@humanwhocodes/module-importer': [ '1.0.1' ],
37 silly audit   '@humanwhocodes/object-schema': [ '2.0.3' ],
37 silly audit   '@jridgewell/gen-mapping': [ '0.3.5' ],
37 silly audit   '@jridgewell/resolve-uri': [ '3.1.2' ],
37 silly audit   '@jridgewell/set-array': [ '1.2.1' ],
37 silly audit   '@jridgewell/sourcemap-codec': [ '1.5.0' ],
37 silly audit   '@jridgewell/trace-mapping': [ '0.3.25' ],
37 silly audit   '@mui/core-downloads-tracker': [ '5.16.7' ],
37 silly audit   '@mui/icons-material': [ '5.16.7' ],
37 silly audit   '@mui/material': [ '5.16.7' ],
37 silly audit   '@mui/private-theming': [ '5.16.6' ],
37 silly audit   '@mui/styled-engine': [ '5.16.6' ],
37 silly audit   '@mui/system': [ '5.16.7' ],
37 silly audit   '@mui/types': [ '7.2.18' ],
37 silly audit   '@mui/utils': [ '5.16.6' ],
37 silly audit   '@nodelib/fs.scandir': [ '2.1.5' ],
37 silly audit   '@nodelib/fs.stat': [ '2.0.5' ],
37 silly audit   '@nodelib/fs.walk': [ '1.2.8' ],
37 silly audit   '@popperjs/core': [ '2.11.8' ],
37 silly audit   '@react-spring/animated': [ '9.7.5' ],
37 silly audit   '@react-spring/core': [ '9.7.5' ],
37 silly audit   '@react-spring/rafz': [ '9.7.5' ],
37 silly audit   '@react-spring/shared': [ '9.7.5' ],
37 silly audit   '@react-spring/types': [ '9.7.5' ],
37 silly audit   '@react-spring/web': [ '9.7.5' ],
37 silly audit   '@remix-run/router': [ '1.20.0' ],
37 silly audit   '@rollup/pluginutils': [ '4.2.1' ],
37 silly audit   '@rollup/rollup-android-arm-eabi': [ '4.24.0' ],
37 silly audit   '@rollup/rollup-android-arm64': [ '4.24.0' ],
37 silly audit   '@rollup/rollup-darwin-arm64': [ '4.24.0' ],
37 silly audit   '@rollup/rollup-darwin-x64': [ '4.24.0' ],
37 silly audit   '@rollup/rollup-linux-arm-gnueabihf': [ '4.24.0' ],
37 silly audit   '@rollup/rollup-linux-arm-musleabihf': [ '4.24.0' ],
37 silly audit   '@rollup/rollup-linux-arm64-gnu': [ '4.24.0' ],
37 silly audit   '@rollup/rollup-linux-arm64-musl': [ '4.24.0' ],
37 silly audit   '@rollup/rollup-linux-powerpc64le-gnu': [ '4.24.0' ],
37 silly audit   '@rollup/rollup-linux-riscv64-gnu': [ '4.24.0' ],
37 silly audit   '@rollup/rollup-linux-s390x-gnu': [ '4.24.0' ],
37 silly audit   '@rollup/rollup-linux-x64-gnu': [ '4.24.0' ],
37 silly audit   '@rollup/rollup-linux-x64-musl': [ '4.24.0' ],
37 silly audit   '@rollup/rollup-win32-arm64-msvc': [ '4.24.0' ],
37 silly audit   '@rollup/rollup-win32-ia32-msvc': [ '4.24.0' ],
37 silly audit   '@rollup/rollup-win32-x64-msvc': [ '4.24.0' ],
37 silly audit   '@tanstack/query-core': [ '5.59.13' ],
37 silly audit   '@tanstack/react-query': [ '5.59.15' ],
37 silly audit   '@types/babel__core': [ '7.20.5' ],
37 silly audit   '@types/babel__generator': [ '7.6.8' ],
37 silly audit   '@types/babel__template': [ '7.4.4' ],
37 silly audit   '@types/babel__traverse': [ '7.20.6' ],
37 silly audit   '@types/estree': [ '1.0.6' ],
37 silly audit   '@types/hoist-non-react-statics': [ '3.3.5' ],
37 silly audit   '@types/parse-json': [ '4.0.2' ],
37 silly audit   '@types/prop-types': [ '15.7.13' ],
37 silly audit   '@types/react': [ '18.3.11' ],
37 silly audit   '@types/react-dom': [ '18.3.1' ],
37 silly audit   '@types/react-modal': [ '3.16.3' ],
37 silly audit   '@types/react-transition-group': [ '4.4.11' ],
37 silly audit   '@types/stylis': [ '4.2.5' ],
37 silly audit   '@ungap/structured-clone': [ '1.2.0' ],
37 silly audit   '@vitejs/plugin-react': [ '4.3.2' ],
37 silly audit   '@vitejs/plugin-react-refresh': [ '1.3.6' ],
37 silly audit   'react-refresh': [ '0.10.0', '0.14.2' ],
37 silly audit   acorn: [ '8.13.0' ],
37 silly audit   'acorn-jsx': [ '5.3.2' ],
37 silly audit   ajv: [ '6.12.6' ],
37 silly audit   'ansi-regex': [ '5.0.1' ],
37 silly audit   'ansi-styles': [ '3.2.1', '4.3.0' ],
37 silly audit   argparse: [ '2.0.1' ],
37 silly audit   'array-buffer-byte-length': [ '1.0.1' ],
37 silly audit   'array-includes': [ '3.1.8' ],
37 silly audit   'array.prototype.findlast': [ '1.2.5' ],
37 silly audit   'array.prototype.flat': [ '1.3.2' ],
37 silly audit   'array.prototype.flatmap': [ '1.3.2' ],
37 silly audit   'array.prototype.tosorted': [ '1.1.4' ],
37 silly audit   'arraybuffer.prototype.slice': [ '1.0.3' ],
37 silly audit   asynckit: [ '0.4.0' ],
37 silly audit   'available-typed-arrays': [ '1.0.7' ],
37 silly audit   axios: [ '1.7.7' ],
37 silly audit   'babel-plugin-macros': [ '3.1.0' ],
37 silly audit   'balanced-match': [ '1.0.2' ],
37 silly audit   'bootstrap-icons': [ '1.11.3' ],
37 silly audit   'brace-expansion': [ '1.1.11' ],
37 silly audit   browserslist: [ '4.24.0' ],
37 silly audit   'call-bind': [ '1.0.7' ],
37 silly audit   callsites: [ '3.1.0' ],
37 silly audit   camelize: [ '1.0.1' ],
37 silly audit   'caniuse-lite': [ '1.0.30001669' ],
37 silly audit   chalk: [ '2.4.2', '4.1.2' ],
37 silly audit   'escape-string-regexp': [ '1.0.5', '4.0.0' ],
37 silly audit   clsx: [ '2.1.1' ],
37 silly audit   'color-convert': [ '1.9.3', '2.0.1' ],
37 silly audit   'color-name': [ '1.1.3', '1.1.4' ],
37 silly audit   'combined-stream': [ '1.0.8' ],
37 silly audit   'concat-map': [ '0.0.1' ],
37 silly audit   cors: [ '2.8.5' ],
37 silly audit   cosmiconfig: [ '7.1.0' ],
37 silly audit   'cross-spawn': [ '7.0.3' ],
37 silly audit   'css-color-keywords': [ '1.0.0' ],
37 silly audit   'css-to-react-native': [ '3.2.0' ],
37 silly audit   csstype: [ '3.1.3' ],
37 silly audit   'data-view-buffer': [ '1.0.1' ],
37 silly audit   'data-view-byte-length': [ '1.0.1' ],
37 silly audit   'data-view-byte-offset': [ '1.0.0' ],
37 silly audit   debug: [ '4.3.7' ],
37 silly audit   'deep-is': [ '0.1.4' ],
37 silly audit   deepmerge: [ '2.2.1' ],
37 silly audit   'define-data-property': [ '1.1.4' ],
37 silly audit   'define-properties': [ '1.2.1' ],
37 silly audit   'delayed-stream': [ '1.0.0' ],
37 silly audit   doctrine: [ '3.0.0', '2.1.0' ],
37 silly audit   'dom-helpers': [ '5.2.1' ],
37 silly audit   'electron-to-chromium': [ '1.5.40' ],
37 silly audit   'error-ex': [ '1.3.2' ],
37 silly audit   'es-abstract': [ '1.23.3' ],
37 silly audit   'es-define-property': [ '1.0.0' ],
37 silly audit   'es-errors': [ '1.3.0' ],
37 silly audit   'es-iterator-helpers': [ '1.1.0' ],
37 silly audit   'es-object-atoms': [ '1.0.0' ],
37 silly audit   'es-set-tostringtag': [ '2.0.3' ],
37 silly audit   'es-shim-unscopables': [ '1.0.2' ],
37 silly audit   'es-to-primitive': [ '1.2.1' ],
37 silly audit   esbuild: [ '0.21.5' ],
37 silly audit   escalade: [ '3.2.0' ],
37 silly audit   eslint: [ '8.57.1' ],
37 silly audit   'eslint-plugin-react': [ '7.37.1' ],
37 silly audit   'eslint-plugin-react-hooks': [ '4.6.2' ],
37 silly audit   'eslint-plugin-react-refresh': [ '0.4.12' ],
37 silly audit   resolve: [ '2.0.0-next.5', '1.22.8' ],
37 silly audit   'eslint-scope': [ '7.2.2' ],
37 silly audit   'eslint-visitor-keys': [ '3.4.3' ],
37 silly audit   'has-flag': [ '4.0.0', '3.0.0' ],
37 silly audit   'supports-color': [ '7.2.0', '5.5.0' ],
37 silly audit   espree: [ '9.6.1' ],
37 silly audit   esquery: [ '1.6.0' ],
37 silly audit   esrecurse: [ '4.3.0' ],
37 silly audit   estraverse: [ '5.3.0' ],
37 silly audit   'estree-walker': [ '2.0.2' ],
37 silly audit   esutils: [ '2.0.3' ],
37 silly audit   exenv: [ '1.2.2' ],
37 silly audit   'fast-deep-equal': [ '3.1.3' ],
37 silly audit   'fast-json-stable-stringify': [ '2.1.0' ],
37 silly audit   'fast-levenshtein': [ '2.0.6' ],
37 silly audit   fastq: [ '1.17.1' ],
37 silly audit   'file-entry-cache': [ '6.0.1' ],
37 silly audit   'find-root': [ '1.1.0' ],
37 silly audit   'find-up': [ '5.0.0' ],
37 silly audit   'flat-cache': [ '3.2.0' ],
37 silly audit   flatted: [ '3.3.1' ],
37 silly audit   'follow-redirects': [ '1.15.9' ],
37 silly audit   'for-each': [ '0.3.3' ],
37 silly audit   'form-data': [ '4.0.1' ],
37 silly audit   formik: [ '2.4.6' ],
37 silly audit   'fs.realpath': [ '1.0.0' ],
37 silly audit   fsevents: [ '2.3.3' ],
37 silly audit   'function-bind': [ '1.1.2' ],
37 silly audit   'function.prototype.name': [ '1.1.6' ],
37 silly audit   'functions-have-names': [ '1.2.3' ],
37 silly audit   gensync: [ '1.0.0-beta.2' ],
37 silly audit   'get-intrinsic': [ '1.2.4' ],
37 silly audit   'get-symbol-description': [ '1.0.2' ],
37 silly audit   glob: [ '7.2.3' ],
37 silly audit   'glob-parent': [ '6.0.2' ],
37 silly audit   globalthis: [ '1.0.4' ],
37 silly audit   gopd: [ '1.0.1' ],
37 silly audit   graphemer: [ '1.4.0' ],
37 silly audit   'has-bigints': [ '1.0.2' ],
37 silly audit   'has-property-descriptors': [ '1.0.2' ],
37 silly audit   'has-proto': [ '1.0.3' ],
37 silly audit   'has-symbols': [ '1.0.3' ],
37 silly audit   'has-tostringtag': [ '1.0.2' ],
37 silly audit   hasown: [ '2.0.2' ],
37 silly audit   'hoist-non-react-statics': [ '3.3.2' ],
37 silly audit   'react-is': [ '16.13.1', '18.3.1' ],
37 silly audit   'html-parse-stringify': [ '3.0.1' ],
37 silly audit   i18next: [ '23.16.0' ],
37 silly audit   'i18next-browser-languagedetector': [ '8.0.0' ],
37 silly audit   ignore: [ '5.3.2' ],
37 silly audit   immediate: [ '3.0.6' ],
37 silly audit   'import-fresh': [ '3.3.0' ],
37 silly audit   imurmurhash: [ '0.1.4' ],
37 silly audit   inflight: [ '1.0.6' ],
37 silly audit   inherits: [ '2.0.4' ],
37 silly audit   install: [ '0.13.0' ],
37 silly audit   'internal-slot': [ '1.0.7' ],
37 silly audit   invariant: [ '2.2.4' ],
37 silly audit   'is-array-buffer': [ '3.0.4' ],
37 silly audit   'is-arrayish': [ '0.2.1' ],
37 silly audit   'is-async-function': [ '2.0.0' ],
37 silly audit   'is-bigint': [ '1.0.4' ],
37 silly audit   'is-boolean-object': [ '1.1.2' ],
37 silly audit   'is-callable': [ '1.2.7' ],
37 silly audit   'is-core-module': [ '2.15.1' ],
37 silly audit   'is-data-view': [ '1.0.1' ],
37 silly audit   'is-date-object': [ '1.0.5' ],
37 silly audit   'is-extglob': [ '2.1.1' ],
37 silly audit   'is-finalizationregistry': [ '1.0.2' ],
37 silly audit   'is-generator-function': [ '1.0.10' ],
37 silly audit   'is-glob': [ '4.0.3' ],
37 silly audit   'is-map': [ '2.0.3' ],
37 silly audit   'is-negative-zero': [ '2.0.3' ],
37 silly audit   'is-number-object': [ '1.0.7' ],
37 silly audit   'is-path-inside': [ '3.0.3' ],
37 silly audit   'is-regex': [ '1.1.4' ],
37 silly audit   'is-set': [ '2.0.3' ],
37 silly audit   'is-shared-array-buffer': [ '1.0.3' ],
37 silly audit   'is-string': [ '1.0.7' ],
37 silly audit   'is-symbol': [ '1.0.4' ],
37 silly audit   'is-typed-array': [ '1.1.13' ],
37 silly audit   'is-weakmap': [ '2.0.2' ],
37 silly audit   'is-weakref': [ '1.0.2' ],
37 silly audit   'is-weakset': [ '2.0.3' ],
37 silly audit   isarray: [ '2.0.5' ],
37 silly audit   isexe: [ '2.0.0' ],
37 silly audit   'iterator.prototype': [ '1.1.3' ],
37 silly audit   'js-tokens': [ '4.0.0' ],
37 silly audit   'js-yaml': [ '4.1.0' ],
37 silly audit   jsesc: [ '3.0.2' ],
37 silly audit   'json-buffer': [ '3.0.1' ],
37 silly audit   'json-parse-even-better-errors': [ '2.3.1' ],
37 silly audit   'json-schema-traverse': [ '0.4.1' ],
37 silly audit   'json-stable-stringify-without-jsonify': [ '1.0.1' ],
37 silly audit   json5: [ '2.2.3' ],
37 silly audit   'jsx-ast-utils': [ '3.3.5' ],
37 silly audit   keyv: [ '4.5.4' ],
37 silly audit   levn: [ '0.4.1' ],
37 silly audit   lie: [ '3.1.1' ],
37 silly audit   'lines-and-columns': [ '1.2.4' ],
37 silly audit   localforage: [ '1.10.0' ],
37 silly audit   'locate-path': [ '6.0.0' ],
37 silly audit   lodash: [ '4.17.21' ],
37 silly audit   'lodash-es': [ '4.17.21' ],
37 silly audit   'lodash.merge': [ '4.6.2' ],
37 silly audit   'loose-envify': [ '1.4.0' ],
37 silly audit   'lru-cache': [ '5.1.1' ],
37 silly audit   'match-sorter': [ '6.4.0' ],
37 silly audit   'memoize-one': [ '6.0.0' ],
37 silly audit   'mime-db': [ '1.52.0' ],
37 silly audit   'mime-types': [ '2.1.35' ],
37 silly audit   minimatch: [ '3.1.2' ],
37 silly audit   ms: [ '2.1.3' ],
37 silly audit   nanoid: [ '3.3.7' ],
37 silly audit   'natural-compare': [ '1.4.0' ],
37 silly audit   'node-releases': [ '2.0.18' ],
37 silly audit   'object-assign': [ '4.1.1' ],
37 silly audit   'object-inspect': [ '1.13.2' ],
37 silly audit   'object-keys': [ '1.1.1' ],
37 silly audit   'object-path': [ '0.6.0' ],
37 silly audit   'object.assign': [ '4.1.5' ],
37 silly audit   'object.entries': [ '1.1.8' ],
37 silly audit   'object.fromentries': [ '2.0.8' ],
37 silly audit   'object.values': [ '1.2.0' ],
37 silly audit   once: [ '1.4.0' ],
37 silly audit   optionator: [ '0.9.4' ],
37 silly audit   'p-limit': [ '3.1.0' ],
37 silly audit   'p-locate': [ '5.0.0' ],
37 silly audit   'parent-module': [ '1.0.1' ],
37 silly audit   'parse-json': [ '5.2.0' ],
37 silly audit   'path-exists': [ '4.0.0' ],
37 silly audit   'path-is-absolute': [ '1.0.1' ],
37 silly audit   'path-key': [ '3.1.1' ],
37 silly audit   'path-parse': [ '1.0.7' ],
37 silly audit   'path-type': [ '4.0.0' ],
37 silly audit   picocolors: [ '1.1.1' ],
37 silly audit   picomatch: [ '2.3.1' ],
37 silly audit   'possible-typed-array-names': [ '1.0.0' ],
37 silly audit   postcss: [ '8.4.38', '8.4.47' ],
37 silly audit   'postcss-value-parser': [ '4.2.0' ],
37 silly audit   'prelude-ls': [ '1.2.1' ],
37 silly audit   'prop-types': [ '15.8.1' ],
37 silly audit   'property-expr': [ '2.0.6' ],
37 silly audit   'proxy-from-env': [ '1.1.0' ],
37 silly audit   punycode: [ '2.3.1' ],
37 silly audit   'queue-microtask': [ '1.2.3' ],
37 silly audit   react: [ '18.3.1' ],
37 silly audit   'react-dom': [ '18.3.1' ],
37 silly audit   'react-fast-compare': [ '2.0.4' ],
37 silly audit   'react-grid-system': [ '8.2.1' ],
37 silly audit   'react-hook-form': [ '7.53.0' ],
37 silly audit   'react-i18next': [ '14.1.3' ],
37 silly audit   'react-input-mask': [ '2.0.4' ],
37 silly audit   'react-lifecycles-compat': [ '3.0.4' ],
37 silly audit   'react-modal': [ '3.16.1' ],
37 silly audit   'react-router': [ '6.27.0' ],
37 silly audit   'react-router-dom': [ '6.27.0' ],
37 silly audit   'react-select': [ '5.8.1' ],
37 silly audit   'react-text-mask': [ '5.5.0' ],
37 silly audit   'react-toastify': [ '10.0.6' ],
37 silly audit   'react-transition-group': [ '4.4.5' ],
37 silly audit   'reflect.getprototypeof': [ '1.0.6' ],
37 silly audit   'regenerator-runtime': [ '0.14.1' ],
37 silly audit   'regexp.prototype.flags': [ '1.5.3' ],
37 silly audit   'remove-accents': [ '0.5.0' ],
37 silly audit   'resolve-from': [ '4.0.0' ],
37 silly audit   reusify: [ '1.0.4' ],
37 silly audit   rimraf: [ '3.0.2' ],
37 silly audit   rollup: [ '4.24.0' ],
37 silly audit   'run-parallel': [ '1.2.0' ],
37 silly audit   'safe-array-concat': [ '1.1.2' ],
37 silly audit   'safe-regex-test': [ '1.0.3' ],
37 silly audit   scheduler: [ '0.23.2' ],
37 silly audit   semver: [ '6.3.1' ],
37 silly audit   'set-function-length': [ '1.2.2' ],
37 silly audit   'set-function-name': [ '2.0.2' ],
37 silly audit   shallowequal: [ '1.1.0' ],
37 silly audit   'shebang-command': [ '2.0.0' ],
37 silly audit   'shebang-regex': [ '3.0.0' ],
37 silly audit   'side-channel': [ '1.0.6' ],
37 silly audit   'sort-by': [ '1.2.0' ],
37 silly audit   'source-map': [ '0.5.7' ],
37 silly audit   'source-map-js': [ '1.2.1' ],
37 silly audit   'string.prototype.matchall': [ '4.0.11' ],
37 silly audit   'string.prototype.repeat': [ '1.0.0' ],
37 silly audit   'string.prototype.trim': [ '1.2.9' ],
37 silly audit   'string.prototype.trimend': [ '1.0.8' ],
37 silly audit   'string.prototype.trimstart': [ '1.0.8' ],
37 silly audit   'strip-ansi': [ '6.0.1' ],
37 silly audit   'strip-json-comments': [ '3.1.1' ],
37 silly audit   'styled-components': [ '6.1.13' ],
37 silly audit   stylis: [ '4.3.2', '4.2.0' ],
37 silly audit   tslib: [ '2.6.2', '2.8.0' ],
37 silly audit   'supports-preserve-symlinks-flag': [ '1.0.0' ],
37 silly audit   swiper: [ '11.1.14' ],
37 silly audit   'text-table': [ '0.2.0' ],
37 silly audit   'tiny-case': [ '1.0.3' ],
37 silly audit   'tiny-warning': [ '1.0.3' ],
37 silly audit   'to-fast-properties': [ '2.0.0' ],
37 silly audit   toposort: [ '2.0.2' ],
37 silly audit   'type-check': [ '0.4.0' ],
37 silly audit   'typed-array-buffer': [ '1.0.2' ],
37 silly audit   'typed-array-byte-length': [ '1.0.1' ],
37 silly audit   'typed-array-byte-offset': [ '1.0.2' ],
37 silly audit   'typed-array-length': [ '1.0.6' ],
37 silly audit   typescript: [ '5.6.3' ],
37 silly audit   'unbox-primitive': [ '1.0.2' ],
37 silly audit   'update-browserslist-db': [ '1.1.1' ],
37 silly audit   'uri-js': [ '4.4.1' ],
37 silly audit   'use-isomorphic-layout-effect': [ '1.1.2' ],
37 silly audit   vary: [ '1.1.2' ],
37 silly audit   vite: [ '5.4.9' ],
37 silly audit   'void-elements': [ '3.1.0' ],
37 silly audit   warning: [ '4.0.3' ],
37 silly audit   which: [ '2.0.2' ],
37 silly audit   'which-boxed-primitive': [ '1.0.2' ],
37 silly audit   'which-builtin-type': [ '1.1.4' ],
37 silly audit   'which-collection': [ '1.0.2' ],
37 silly audit   'which-typed-array': [ '1.1.15' ],
37 silly audit   'word-wrap': [ '1.2.5' ],
37 silly audit   wrappy: [ '1.0.2' ],
37 silly audit   yallist: [ '3.1.1' ],
37 silly audit   yaml: [ '1.10.2' ],
37 silly audit   'yocto-queue': [ '0.1.0' ],
37 silly audit   yup: [ '1.4.0' ],
37 silly audit   'cpf-cnpj-validator': [ '1.0.3' ],
37 silly audit   '@hapi/joi': [ '17.1.1' ],
37 silly audit   '@hapi/address': [ '4.1.0' ],
37 silly audit   '@hapi/formula': [ '2.0.0' ],
37 silly audit   '@hapi/hoek': [ '9.3.0' ],
37 silly audit   '@hapi/pinpoint': [ '2.0.1' ],
37 silly audit   '@hapi/topo': [ '5.1.0' ]
37 silly audit }
38 verbose reify failed optional dependency C:\Users\JuanR\Downloads\git\Commom-League - Copia (2)\node_modules\fsevents
39 silly reify mark deleted [
39 silly reify   'C:\\Users\\JuanR\\Downloads\\git\\Commom-League - Copia (2)\\node_modules\\fsevents'
39 silly reify ]
40 verbose reify failed optional dependency C:\Users\JuanR\Downloads\git\Commom-League - Copia (2)\node_modules\@rollup\rollup-win32-ia32-msvc
41 silly reify mark deleted [
41 silly reify   'C:\\Users\\JuanR\\Downloads\\git\\Commom-League - Copia (2)\\node_modules\\@rollup\\rollup-win32-ia32-msvc'
41 silly reify ]
42 verbose reify failed optional dependency C:\Users\JuanR\Downloads\git\Commom-League - Copia (2)\node_modules\@rollup\rollup-win32-arm64-msvc
43 silly reify mark deleted [
43 silly reify   'C:\\Users\\JuanR\\Downloads\\git\\Commom-League - Copia (2)\\node_modules\\@rollup\\rollup-win32-arm64-msvc'
43 silly reify ]
44 verbose reify failed optional dependency C:\Users\JuanR\Downloads\git\Commom-League - Copia (2)\node_modules\@rollup\rollup-linux-x64-musl
45 silly reify mark deleted [
45 silly reify   'C:\\Users\\JuanR\\Downloads\\git\\Commom-League - Copia (2)\\node_modules\\@rollup\\rollup-linux-x64-musl'
45 silly reify ]
46 verbose reify failed optional dependency C:\Users\JuanR\Downloads\git\Commom-League - Copia (2)\node_modules\@rollup\rollup-linux-x64-gnu
47 silly reify mark deleted [
47 silly reify   'C:\\Users\\JuanR\\Downloads\\git\\Commom-League - Copia (2)\\node_modules\\@rollup\\rollup-linux-x64-gnu'
47 silly reify ]
48 verbose reify failed optional dependency C:\Users\JuanR\Downloads\git\Commom-League - Copia (2)\node_modules\@rollup\rollup-linux-s390x-gnu
49 silly reify mark deleted [
49 silly reify   'C:\\Users\\JuanR\\Downloads\\git\\Commom-League - Copia (2)\\node_modules\\@rollup\\rollup-linux-s390x-gnu'
49 silly reify ]
50 verbose reify failed optional dependency C:\Users\JuanR\Downloads\git\Commom-League - Copia (2)\node_modules\@rollup\rollup-linux-riscv64-gnu
51 silly reify mark deleted [
51 silly reify   'C:\\Users\\JuanR\\Downloads\\git\\Commom-League - Copia (2)\\node_modules\\@rollup\\rollup-linux-riscv64-gnu'
51 silly reify ]
52 verbose reify failed optional dependency C:\Users\JuanR\Downloads\git\Commom-League - Copia (2)\node_modules\@rollup\rollup-linux-powerpc64le-gnu
53 silly reify mark deleted [
53 silly reify   'C:\\Users\\JuanR\\Downloads\\git\\Commom-League - Copia (2)\\node_modules\\@rollup\\rollup-linux-powerpc64le-gnu'
53 silly reify ]
54 verbose reify failed optional dependency C:\Users\JuanR\Downloads\git\Commom-League - Copia (2)\node_modules\@rollup\rollup-linux-arm64-musl
55 silly reify mark deleted [
55 silly reify   'C:\\Users\\JuanR\\Downloads\\git\\Commom-League - Copia (2)\\node_modules\\@rollup\\rollup-linux-arm64-musl'
55 silly reify ]
56 verbose reify failed optional dependency C:\Users\JuanR\Downloads\git\Commom-League - Copia (2)\node_modules\@rollup\rollup-linux-arm64-gnu
57 silly reify mark deleted [
57 silly reify   'C:\\Users\\JuanR\\Downloads\\git\\Commom-League - Copia (2)\\node_modules\\@rollup\\rollup-linux-arm64-gnu'
57 silly reify ]
58 verbose reify failed optional dependency C:\Users\JuanR\Downloads\git\Commom-League - Copia (2)\node_modules\@rollup\rollup-linux-arm-musleabihf
59 silly reify mark deleted [
59 silly reify   'C:\\Users\\JuanR\\Downloads\\git\\Commom-League - Copia (2)\\node_modules\\@rollup\\rollup-linux-arm-musleabihf'
59 silly reify ]
60 verbose reify failed optional dependency C:\Users\JuanR\Downloads\git\Commom-League - Copia (2)\node_modules\@rollup\rollup-linux-arm-gnueabihf
61 silly reify mark deleted [
61 silly reify   'C:\\Users\\JuanR\\Downloads\\git\\Commom-League - Copia (2)\\node_modules\\@rollup\\rollup-linux-arm-gnueabihf'
61 silly reify ]
62 verbose reify failed optional dependency C:\Users\JuanR\Downloads\git\Commom-League - Copia (2)\node_modules\@rollup\rollup-darwin-x64
63 silly reify mark deleted [
63 silly reify   'C:\\Users\\JuanR\\Downloads\\git\\Commom-League - Copia (2)\\node_modules\\@rollup\\rollup-darwin-x64'
63 silly reify ]
64 verbose reify failed optional dependency C:\Users\JuanR\Downloads\git\Commom-League - Copia (2)\node_modules\@rollup\rollup-darwin-arm64
65 silly reify mark deleted [
65 silly reify   'C:\\Users\\JuanR\\Downloads\\git\\Commom-League - Copia (2)\\node_modules\\@rollup\\rollup-darwin-arm64'
65 silly reify ]
66 verbose reify failed optional dependency C:\Users\JuanR\Downloads\git\Commom-League - Copia (2)\node_modules\@rollup\rollup-android-arm64
67 silly reify mark deleted [
67 silly reify   'C:\\Users\\JuanR\\Downloads\\git\\Commom-League - Copia (2)\\node_modules\\@rollup\\rollup-android-arm64'
67 silly reify ]
68 verbose reify failed optional dependency C:\Users\JuanR\Downloads\git\Commom-League - Copia (2)\node_modules\@rollup\rollup-android-arm-eabi
69 silly reify mark deleted [
69 silly reify   'C:\\Users\\JuanR\\Downloads\\git\\Commom-League - Copia (2)\\node_modules\\@rollup\\rollup-android-arm-eabi'
69 silly reify ]
70 verbose reify failed optional dependency C:\Users\JuanR\Downloads\git\Commom-League - Copia (2)\node_modules\@esbuild\win32-ia32
71 silly reify mark deleted [
71 silly reify   'C:\\Users\\JuanR\\Downloads\\git\\Commom-League - Copia (2)\\node_modules\\@esbuild\\win32-ia32'
71 silly reify ]
72 verbose reify failed optional dependency C:\Users\JuanR\Downloads\git\Commom-League - Copia (2)\node_modules\@esbuild\win32-arm64
73 silly reify mark deleted [
73 silly reify   'C:\\Users\\JuanR\\Downloads\\git\\Commom-League - Copia (2)\\node_modules\\@esbuild\\win32-arm64'
73 silly reify ]
74 verbose reify failed optional dependency C:\Users\JuanR\Downloads\git\Commom-League - Copia (2)\node_modules\@esbuild\sunos-x64
75 silly reify mark deleted [
75 silly reify   'C:\\Users\\JuanR\\Downloads\\git\\Commom-League - Copia (2)\\node_modules\\@esbuild\\sunos-x64'
75 silly reify ]
76 verbose reify failed optional dependency C:\Users\JuanR\Downloads\git\Commom-League - Copia (2)\node_modules\@esbuild\openbsd-x64
77 silly reify mark deleted [
77 silly reify   'C:\\Users\\JuanR\\Downloads\\git\\Commom-League - Copia (2)\\node_modules\\@esbuild\\openbsd-x64'
77 silly reify ]
78 verbose reify failed optional dependency C:\Users\JuanR\Downloads\git\Commom-League - Copia (2)\node_modules\@esbuild\netbsd-x64
79 silly reify mark deleted [
79 silly reify   'C:\\Users\\JuanR\\Downloads\\git\\Commom-League - Copia (2)\\node_modules\\@esbuild\\netbsd-x64'
79 silly reify ]
80 verbose reify failed optional dependency C:\Users\JuanR\Downloads\git\Commom-League - Copia (2)\node_modules\@esbuild\linux-x64
81 silly reify mark deleted [
81 silly reify   'C:\\Users\\JuanR\\Downloads\\git\\Commom-League - Copia (2)\\node_modules\\@esbuild\\linux-x64'
81 silly reify ]
82 verbose reify failed optional dependency C:\Users\JuanR\Downloads\git\Commom-League - Copia (2)\node_modules\@esbuild\linux-s390x
83 silly reify mark deleted [
83 silly reify   'C:\\Users\\JuanR\\Downloads\\git\\Commom-League - Copia (2)\\node_modules\\@esbuild\\linux-s390x'
83 silly reify ]
84 verbose reify failed optional dependency C:\Users\JuanR\Downloads\git\Commom-League - Copia (2)\node_modules\@esbuild\linux-riscv64
85 silly reify mark deleted [
85 silly reify   'C:\\Users\\JuanR\\Downloads\\git\\Commom-League - Copia (2)\\node_modules\\@esbuild\\linux-riscv64'
85 silly reify ]
86 verbose reify failed optional dependency C:\Users\JuanR\Downloads\git\Commom-League - Copia (2)\node_modules\@esbuild\linux-ppc64
87 silly reify mark deleted [
87 silly reify   'C:\\Users\\JuanR\\Downloads\\git\\Commom-League - Copia (2)\\node_modules\\@esbuild\\linux-ppc64'
87 silly reify ]
88 verbose reify failed optional dependency C:\Users\JuanR\Downloads\git\Commom-League - Copia (2)\node_modules\@esbuild\linux-mips64el
89 silly reify mark deleted [
89 silly reify   'C:\\Users\\JuanR\\Downloads\\git\\Commom-League - Copia (2)\\node_modules\\@esbuild\\linux-mips64el'
89 silly reify ]
90 verbose reify failed optional dependency C:\Users\JuanR\Downloads\git\Commom-League - Copia (2)\node_modules\@esbuild\linux-loong64
91 silly reify mark deleted [
91 silly reify   'C:\\Users\\JuanR\\Downloads\\git\\Commom-League - Copia (2)\\node_modules\\@esbuild\\linux-loong64'
91 silly reify ]
92 verbose reify failed optional dependency C:\Users\JuanR\Downloads\git\Commom-League - Copia (2)\node_modules\@esbuild\linux-ia32
93 silly reify mark deleted [
93 silly reify   'C:\\Users\\JuanR\\Downloads\\git\\Commom-League - Copia (2)\\node_modules\\@esbuild\\linux-ia32'
93 silly reify ]
94 verbose reify failed optional dependency C:\Users\JuanR\Downloads\git\Commom-League - Copia (2)\node_modules\@esbuild\linux-arm64
95 silly reify mark deleted [
95 silly reify   'C:\\Users\\JuanR\\Downloads\\git\\Commom-League - Copia (2)\\node_modules\\@esbuild\\linux-arm64'
95 silly reify ]
96 verbose reify failed optional dependency C:\Users\JuanR\Downloads\git\Commom-League - Copia (2)\node_modules\@esbuild\linux-arm
97 silly reify mark deleted [
97 silly reify   'C:\\Users\\JuanR\\Downloads\\git\\Commom-League - Copia (2)\\node_modules\\@esbuild\\linux-arm'
97 silly reify ]
98 verbose reify failed optional dependency C:\Users\JuanR\Downloads\git\Commom-League - Copia (2)\node_modules\@esbuild\freebsd-x64
99 silly reify mark deleted [
99 silly reify   'C:\\Users\\JuanR\\Downloads\\git\\Commom-League - Copia (2)\\node_modules\\@esbuild\\freebsd-x64'
99 silly reify ]
100 verbose reify failed optional dependency C:\Users\JuanR\Downloads\git\Commom-League - Copia (2)\node_modules\@esbuild\freebsd-arm64
101 silly reify mark deleted [
101 silly reify   'C:\\Users\\JuanR\\Downloads\\git\\Commom-League - Copia (2)\\node_modules\\@esbuild\\freebsd-arm64'
101 silly reify ]
102 verbose reify failed optional dependency C:\Users\JuanR\Downloads\git\Commom-League - Copia (2)\node_modules\@esbuild\darwin-x64
103 silly reify mark deleted [
103 silly reify   'C:\\Users\\JuanR\\Downloads\\git\\Commom-League - Copia (2)\\node_modules\\@esbuild\\darwin-x64'
103 silly reify ]
104 verbose reify failed optional dependency C:\Users\JuanR\Downloads\git\Commom-League - Copia (2)\node_modules\@esbuild\darwin-arm64
105 silly reify mark deleted [
105 silly reify   'C:\\Users\\JuanR\\Downloads\\git\\Commom-League - Copia (2)\\node_modules\\@esbuild\\darwin-arm64'
105 silly reify ]
106 verbose reify failed optional dependency C:\Users\JuanR\Downloads\git\Commom-League - Copia (2)\node_modules\@esbuild\android-x64
107 silly reify mark deleted [
107 silly reify   'C:\\Users\\JuanR\\Downloads\\git\\Commom-League - Copia (2)\\node_modules\\@esbuild\\android-x64'
107 silly reify ]
108 verbose reify failed optional dependency C:\Users\JuanR\Downloads\git\Commom-League - Copia (2)\node_modules\@esbuild\android-arm64
109 silly reify mark deleted [
109 silly reify   'C:\\Users\\JuanR\\Downloads\\git\\Commom-League - Copia (2)\\node_modules\\@esbuild\\android-arm64'
109 silly reify ]
110 verbose reify failed optional dependency C:\Users\JuanR\Downloads\git\Commom-League - Copia (2)\node_modules\@esbuild\android-arm
111 silly reify mark deleted [
111 silly reify   'C:\\Users\\JuanR\\Downloads\\git\\Commom-League - Copia (2)\\node_modules\\@esbuild\\android-arm'
111 silly reify ]
112 verbose reify failed optional dependency C:\Users\JuanR\Downloads\git\Commom-League - Copia (2)\node_modules\@esbuild\aix-ppc64
113 silly reify mark deleted [
113 silly reify   'C:\\Users\\JuanR\\Downloads\\git\\Commom-League - Copia (2)\\node_modules\\@esbuild\\aix-ppc64'
113 silly reify ]
114 silly tarball no local data for @hapi/formula@https://registry.npmjs.org/@hapi/formula/-/formula-2.0.0.tgz. Extracting by manifest.
115 silly tarball no local data for @hapi/topo@https://registry.npmjs.org/@hapi/topo/-/topo-5.1.0.tgz. Extracting by manifest.
116 silly tarball no local data for @hapi/pinpoint@https://registry.npmjs.org/@hapi/pinpoint/-/pinpoint-2.0.1.tgz. Extracting by manifest.
117 silly tarball no local data for @hapi/hoek@https://registry.npmjs.org/@hapi/hoek/-/hoek-9.3.0.tgz. Extracting by manifest.
118 silly tarball no local data for @hapi/address@https://registry.npmjs.org/@hapi/address/-/address-4.1.0.tgz. Extracting by manifest.
119 silly tarball no local data for @hapi/joi@https://registry.npmjs.org/@hapi/joi/-/joi-17.1.1.tgz. Extracting by manifest.
120 silly tarball no local data for cpf-cnpj-validator@https://registry.npmjs.org/cpf-cnpj-validator/-/cpf-cnpj-validator-1.0.3.tgz. Extracting by manifest.
121 http fetch GET 200 https://registry.npmjs.org/@hapi/formula/-/formula-2.0.0.tgz 134ms (cache miss)
122 http fetch GET 200 https://registry.npmjs.org/@hapi/topo/-/topo-5.1.0.tgz 140ms (cache miss)
123 warn deprecated @hapi/formula@2.0.0: Moved to 'npm install @sideway/formula'
124 http fetch GET 200 https://registry.npmjs.org/cpf-cnpj-validator/-/cpf-cnpj-validator-1.0.3.tgz 165ms (cache miss)
125 http fetch GET 200 https://registry.npmjs.org/@hapi/address/-/address-4.1.0.tgz 197ms (cache miss)
126 warn deprecated @hapi/address@4.1.0: Moved to 'npm install @sideway/address'
127 http fetch POST 200 https://registry.npmjs.org/-/npm/v1/security/advisories/bulk 243ms
128 silly audit report {
128 silly audit report   'cross-spawn': [
128 silly audit report     {
128 silly audit report       id: 1100563,
128 silly audit report       url: 'https://github.com/advisories/GHSA-3xgq-45jj-v275',
128 silly audit report       title: 'Regular Expression Denial of Service (ReDoS) in cross-spawn',
128 silly audit report       severity: 'high',
128 silly audit report       vulnerable_versions: '>=7.0.0 <7.0.5',
128 silly audit report       cwe: [Array],
128 silly audit report       cvss: [Object]
128 silly audit report     }
128 silly audit report   ],
128 silly audit report   'object-path': [
128 silly audit report     {
128 silly audit report       id: 1093573,
128 silly audit report       url: 'https://github.com/advisories/GHSA-v39p-96qg-c8rf',
128 silly audit report       title: 'Prototype Pollution in object-path',
128 silly audit report       severity: 'moderate',
128 silly audit report       vulnerable_versions: '<0.11.6',
128 silly audit report       cwe: [Array],
128 silly audit report       cvss: [Object]
128 silly audit report     },
128 silly audit report     {
128 silly audit report       id: 1095139,
128 silly audit report       url: 'https://github.com/advisories/GHSA-cwx2-736x-mf6w',
128 silly audit report       title: 'Prototype pollution in object-path',
128 silly audit report       severity: 'high',
128 silly audit report       vulnerable_versions: '<0.11.5',
128 silly audit report       cwe: [Array],
128 silly audit report       cvss: [Object]
128 silly audit report     },
128 silly audit report     {
128 silly audit report       id: 1095140,
128 silly audit report       url: 'https://github.com/advisories/GHSA-8v63-cqqc-6r2c',
128 silly audit report       title: 'Prototype Pollution in object-path',
128 silly audit report       severity: 'high',
128 silly audit report       vulnerable_versions: '<0.11.8',
128 silly audit report       cwe: [Array],
128 silly audit report       cvss: [Object]
128 silly audit report     }
128 silly audit report   ]
128 silly audit report }
129 http fetch GET 200 https://registry.npmjs.org/@hapi/hoek/-/hoek-9.3.0.tgz 255ms (cache miss)
130 http fetch GET 200 https://registry.npmjs.org/cross-spawn 61ms (cache revalidated)
131 http fetch GET 200 https://registry.npmjs.org/@hapi/pinpoint/-/pinpoint-2.0.1.tgz 664ms (cache miss)
132 http fetch GET 200 https://registry.npmjs.org/@hapi/joi/-/joi-17.1.1.tgz 761ms (cache miss)
133 warn deprecated @hapi/joi@17.1.1: Switch to 'npm install joi'
134 http fetch GET 200 https://registry.npmjs.org/object-path 922ms (cache revalidated)
135 http fetch GET 200 https://registry.npmjs.org/eslint 63ms (cache updated)
136 http fetch GET 200 https://registry.npmjs.org/sort-by 617ms (cache revalidated)
137 silly ADD node_modules/@hapi/topo
138 silly ADD node_modules/@hapi/pinpoint
139 silly ADD node_modules/@hapi/hoek
140 silly ADD node_modules/@hapi/formula
141 silly ADD node_modules/@hapi/address
142 silly ADD node_modules/@hapi/joi
143 silly ADD node_modules/cpf-cnpj-validator
144 silly ADD
145 silly ADD
146 silly ADD
147 silly ADD
148 silly ADD
149 silly ADD
150 silly ADD
151 silly ADD
152 silly ADD
153 silly ADD
154 silly ADD
155 silly ADD
156 silly ADD
157 silly ADD
158 silly ADD
159 silly ADD
160 silly ADD
161 silly ADD
162 silly ADD
163 silly ADD
164 silly ADD
165 silly ADD
166 silly ADD
167 silly ADD
168 silly ADD
169 silly ADD
170 silly ADD
171 silly ADD
172 silly ADD
173 silly ADD
174 silly ADD
175 silly ADD
176 silly ADD
177 silly ADD
178 silly ADD
179 silly ADD
180 silly ADD
181 silly ADD
182 verbose exit 0
183 info ok
